Arguments: 
  /usr/local/bin/node /usr/local/Cellar/yarn/1.19.0/libexec/bin/yarn.js

PATH: 
  /var/folders/nf/9p10z6fx13s4ydxw7vjqy57c0000gn/T/yarn--1572913286535-0.671759589860577:/Volumes/Coding/forest-fire/vuex-plugin-firemodel/node_modules/.bin:/Users/ken/.config/yarn/link/node_modules/.bin:/usr/local/libexec/lib/node_modules/npm/bin/node-gyp-bin:/usr/local/lib/node_modules/npm/bin/node-gyp-bin:/usr/local/bin/node_modules/npm/bin/node-gyp-bin:/Users/ken/bin:/usr/local/bin:/usr/local/bin:/usr/bin:/bin:/usr/sbin:/sbin:/usr/local/MacGPG2/bin:/Users/ken/bin:/usr/local/aws/bin:/usr/local/aws/bin

Yarn version: 
  1.19.0

Node version: 
  10.16.3

Platform: 
  darwin x64

Trace: 
  Error: https://registry.yarnpkg.com/define-property/-/define-property-2.0.2.tgz: ENOENT: no such file or directory, open '/Users/ken/Library/Caches/Yarn/v5/npm-define-property-2.0.2-d459689e8d654ba77e02a817f8710d702cb16e9d/node_modules/define-property/.yarn-tarball.tgz'

npm manifest: 
  {
    "name": "vuex-plugin-firemodel",
    "version": "1.0.0-beta.28",
    "description": "A Vuex plugin which reponds to all FireModel actions as well as providing mutations which can be imported by your state tree.",
    "main": "dist/cjs/index.js",
    "module": "dist/esnext/index.js",
    "typings": "dist/esnext/index.d.ts",
    "scripts": {
      "clean:nuclear": "rimraf lib dist node_modules && yarn cache clean && rm yarn.lock && yarn && yarn upgrade",
      "test": "echo \"Error: no test specified\" && exit 1",
      "docs": "vuepress dev docs",
      "build": "yarn tsc -P tsconfig.esnext.json && yarn tsc -P tsconfig.json",
      "watch": "yarn tsc --watch -P tsconfig.json",
      "build:docs": "vuepress build docs"
    },
    "repository": {
      "type": "git",
      "url": "git+https://github.com/forest-fire/vuex-plugin-firemodel.git"
    },
    "keywords": [
      "firebase",
      "firemodel",
      "vuejs",
      "vuex",
      "state-management"
    ],
    "author": "Ken Snyder",
    "license": "MIT",
    "bugs": {
      "url": "https://github.com/forest-fire/vuex-plugin-firemodel/issues"
    },
    "homepage": "https://github.com/forest-fire/vuex-plugin-firemodel#readme",
    "dependencies": {
      "@firebase/auth-types": "^0.8.2",
      "abstracted-client": "^0.34.0",
      "firemodel": "^0.34.2",
      "lodash.get": "^4.4.2",
      "lodash.set": "^4.3.2",
      "vuex": "^3.1.1"
    },
    "devDependencies": {
      "@types/chai": "^4.1.7",
      "@types/lodash.get": "^4.4.6",
      "@types/lodash.set": "^4.3.6",
      "@types/mocha": "^5.2.7",
      "@vuepress/plugin-back-to-top": "^1.2.0",
      "@vuepress/plugin-last-updated": "^1.2.0",
      "@vuepress/plugin-medium-zoom": "^1.2.0",
      "@vuepress/plugin-pwa": "^1.2.0",
      "async-shelljs": "^0.1.4",
      "chai": "^4.2.0",
      "do-devops": "^0.2.3",
      "firemock": "^0.34.0",
      "mocha": "^6.2.2",
      "rimraf": "^3.0.0",
      "ts-node": "^8.4.1",
      "tslint": "^5.20.0",
      "typescript": "^3.7.1-rc",
      "vuepress": "^1.2.0"
    }
  }

yarn manifest: 
  No manifest

Lockfile: 
  No lockfile
